# JRE version: Java(TM) SE Runtime Environment (17.0.11+7) (build 17.0.11+7-LTS-207)
# Java VM: Java HotSpot(TM) 64-Bit Server VM (17.0.11+7-LTS-207, mixed mode, sharing, tiered, compressed oops, compressed class ptrs, g1 gc, windows-amd64)
GC Precious Log:
 CPUs: 8 total, 8 available
 Memory: 11930M
 Large Page Support: Disabled
 NUMA Support: Disabled
 Compressed Oops: Enabled (Zero based)
 Heap Region Size: 2M
 Heap Min Capacity: 8M
 Heap Initial Capacity: 188M
 Heap Max Capacity: 2984M
 Pre-touch: Disabled
 Parallel Workers: 8
 Concurrent Workers: 2
 Concurrent Refinement Workers: 8
 Periodic GC: Disabled
Heap:
 garbage-first heap   total 49152K, used 21902K [0x0000000745800000, 0x0000000800000000)
  region size 2048K, 6 young (12288K), 2 survivors (4096K)
 Metaspace       used 31305K, committed 31744K, reserved 1114112K
  class space    used 3951K, committed 4160K, reserved 1048576K
GC Heap History (16 events):
Event: 0.966 GC heap before
{Heap before GC invocations=0 (full 0):
 garbage-first heap   total 192512K, used 22528K [0x0000000745800000, 0x0000000800000000)
  region size 2048K, 11 young (22528K), 0 survivors (0K)
 Metaspace       used 6882K, committed 7104K, reserved 1114112K
  class space    used 788K, committed 896K, reserved 1048576K
}
Event: 0.972 GC heap after
{Heap after GC invocations=1 (full 0):
 garbage-first heap   total 192512K, used 6352K [0x0000000745800000, 0x0000000800000000)
  region size 2048K, 2 young (4096K), 2 survivors (4096K)
 Metaspace       used 6882K, committed 7104K, reserved 1114112K
  class space    used 788K, committed 896K, reserved 1048576K
}
Event: 2.750 GC heap before
{Heap before GC invocations=1 (full 0):
 garbage-first heap   total 192512K, used 28880K [0x0000000745800000, 0x0000000800000000)
  region size 2048K, 14 young (28672K), 2 survivors (4096K)
 Metaspace       used 13197K, committed 13504K, reserved 1114112K
  class space    used 1600K, committed 1728K, reserved 1048576K
}
Event: 2.756 GC heap after
{Heap after GC invocations=2 (full 0):
 garbage-first heap   total 192512K, used 8729K [0x0000000745800000, 0x0000000800000000)
  region size 2048K, 2 young (4096K), 2 survivors (4096K)
 Metaspace       used 13197K, committed 13504K, reserved 1114112K
  class space    used 1600K, committed 1728K, reserved 1048576K
}
Event: 8.097 GC heap before
{Heap before GC invocations=2 (full 0):
 garbage-first heap   total 192512K, used 39449K [0x0000000745800000, 0x0000000800000000)
  region size 2048K, 18 young (36864K), 2 survivors (4096K)
 Metaspace       used 21180K, committed 21504K, reserved 1114112K
  class space    used 2653K, committed 2816K, reserved 1048576K
}
Event: 8.105 GC heap after
{Heap after GC invocations=3 (full 0):
 garbage-first heap   total 192512K, used 11522K [0x0000000745800000, 0x0000000800000000)
  region size 2048K, 3 young (6144K), 3 survivors (6144K)
 Metaspace       used 21180K, committed 21504K, reserved 1114112K
  class space    used 2653K, committed 2816K, reserved 1048576K
}
Event: 15.728 GC heap before
{Heap before GC invocations=4 (full 0):
 garbage-first heap   total 49152K, used 34050K [0x0000000745800000, 0x0000000800000000)
  region size 2048K, 15 young (30720K), 3 survivors (6144K)
 Metaspace       used 23981K, committed 24320K, reserved 1114112K
  class space    used 3062K, committed 3200K, reserved 1048576K
}
Event: 15.738 GC heap after
{Heap after GC invocations=5 (full 0):
 garbage-first heap   total 49152K, used 12944K [0x0000000745800000, 0x0000000800000000)
  region size 2048K, 4 young (8192K), 4 survivors (8192K)
 Metaspace       used 23981K, committed 24320K, reserved 1114112K
  class space    used 3062K, committed 3200K, reserved 1048576K
}
Event: 36.686 GC heap before
{Heap before GC invocations=5 (full 0):
 garbage-first heap   total 49152K, used 29328K [0x0000000745800000, 0x0000000800000000)
  region size 2048K, 13 young (26624K), 4 survivors (8192K)
 Metaspace       used 27270K, committed 27648K, reserved 1114112K
  class space    used 3436K, committed 3648K, reserved 1048576K
}
Event: 36.701 GC heap after
{Heap after GC invocations=6 (full 0):
 garbage-first heap   total 49152K, used 13535K [0x0000000745800000, 0x0000000800000000)
  region size 2048K, 2 young (4096K), 2 survivors (4096K)
 Metaspace       used 27270K, committed 27648K, reserved 1114112K
  class space    used 3436K, committed 3648K, reserved 1048576K
}
Event: 37.139 GC heap before
{Heap before GC invocations=6 (full 0):
 garbage-first heap   total 49152K, used 31967K [0x0000000745800000, 0x0000000800000000)
  region size 2048K, 11 young (22528K), 2 survivors (4096K)
 Metaspace       used 28653K, committed 29120K, reserved 1114112K
  class space    used 3613K, committed 3840K, reserved 1048576K
}
Event: 37.156 GC heap after
{Heap after GC invocations=7 (full 0):
 garbage-first heap   total 49152K, used 14136K [0x0000000745800000, 0x0000000800000000)
  region size 2048K, 2 young (4096K), 2 survivors (4096K)
 Metaspace       used 28653K, committed 29120K, reserved 1114112K
  class space    used 3613K, committed 3840K, reserved 1048576K
}
Event: 37.219 GC heap before
{Heap before GC invocations=7 (full 0):
 garbage-first heap   total 49152K, used 32568K [0x0000000745800000, 0x0000000800000000)
  region size 2048K, 11 young (22528K), 2 survivors (4096K)
 Metaspace       used 28653K, committed 29120K, reserved 1114112K
  class space    used 3613K, committed 3840K, reserved 1048576K
}
Event: 37.230 GC heap after
{Heap after GC invocations=8 (full 0):
 garbage-first heap   total 49152K, used 14685K [0x0000000745800000, 0x0000000800000000)
  region size 2048K, 2 young (4096K), 2 survivors (4096K)
 Metaspace       used 28653K, committed 29120K, reserved 1114112K
  class space    used 3613K, committed 3840K, reserved 1048576K
}
Event: 37.899 GC heap before
{Heap before GC invocations=8 (full 0):
 garbage-first heap   total 49152K, used 33117K [0x0000000745800000, 0x0000000800000000)
  region size 2048K, 11 young (22528K), 2 survivors (4096K)
 Metaspace       used 30436K, committed 30848K, reserved 1114112K
  class space    used 3848K, committed 4032K, reserved 1048576K
}
Event: 37.908 GC heap after
{Heap after GC invocations=9 (full 0):
 garbage-first heap   total 49152K, used 15758K [0x0000000745800000, 0x0000000800000000)
  region size 2048K, 2 young (4096K), 2 survivors (4096K)
 Metaspace       used 30436K, committed 30848K, reserved 1114112K
  class space    used 3848K, committed 4032K, reserved 1048576K
}

