<?xml version="1.0" encoding="UTF-8"?>
<!-- Generated by org.testng.reporters.JUnitXMLReporter -->
<testsuite ignored="1" hostname="LAPTOP-HUQV5SK7" failures="2" tests="2" name="ChromeTest" time="0.133" errors="0" timestamp="2025-02-21T11:36:41 EST">
  <testcase classname="TestCases.TC001_AccountRegistrationTest" name="verifyAccountRegistration" time="0.014">
    <failure type="java.lang.NullPointerException" message="Cannot invoke &amp;quot;org.apache.logging.log4j.Logger.info(String)&amp;quot; because &amp;quot;this.logger&amp;quot; is null">
      <![CDATA[java.lang.NullPointerException: Cannot invoke "org.apache.logging.log4j.Logger.info(String)" because "this.logger" is null
at TestCases.TC001_AccountRegistrationTest.verifyAccountRegistration(TC001_AccountRegistrationTest.java:23)
at java.base/java.util.ArrayList.forEach(ArrayList.java:1511)
... Removed 27 stack frames]]>
    </failure>
  </testcase> <!-- verifyAccountRegistration -->
  <testcase classname="TestCases.TC002_AccountLogin" name="verifyLogin" time="0.044">
    <failure type="java.lang.AssertionError" message="null">
      <![CDATA[java.lang.AssertionError: null
at TestCases.TC002_AccountLogin.verifyLogin(TC002_AccountLogin.java:27)
at java.base/java.util.ArrayList.forEach(ArrayList.java:1511)
... Removed 29 stack frames]]>
    </failure>
  </testcase> <!-- verifyLogin -->
  <testcase classname="TestCases.TC003_AccountLoginDDT" name="accountLoginDD" time="0.0">
    <ignored/>
  </testcase> <!-- accountLoginDD -->
</testsuite> <!-- ChromeTest -->
