<?xml version="1.0" encoding="UTF-8"?>
<!-- Generated by org.testng.reporters.JUnitXMLReporter -->
<testsuite ignored="5" hostname="LAPTOP-HUQV5SK7" failures="2" tests="2" name="Test" time="8.651" errors="0" timestamp="2025-02-28T20:15:50 EST">
  <testcase classname="TestCases.TC005_CheckoutFunctionalityValidation" name="checkOutItems" time="0.989">
    <failure type="java.lang.AssertionError" message="expected [true] but found [false]">
      <![CDATA[java.lang.AssertionError: expected [true] but found [false]
at TestCases.TC005_CheckoutFunctionalityValidation.checkOutItems(TC005_CheckoutFunctionalityValidation.java:25)
at java.base/java.util.ArrayList.forEach(ArrayList.java:1511)
... Removed 31 stack frames]]>
    </failure>
  </testcase> <!-- checkOutItems -->
  <testcase classname="TestCases.TC005_CheckoutFunctionalityValidation" name="checkOutItems" time="2.258">
    <failure type="java.lang.NullPointerException" message="Cannot invoke &amp;quot;com.aventstack.extentreports.ExtentTest.log(com.aventstack.extentreports.Status, String)&amp;quot; because &amp;quot;this.extentTest&amp;quot; is null">
      <![CDATA[java.lang.NullPointerException: Cannot invoke "com.aventstack.extentreports.ExtentTest.log(com.aventstack.extentreports.Status, String)" because "this.extentTest" is null
at Utilities.ExtentReportManager.onTestSkipped(ExtentReportManager.java:98)
at java.base/java.util.ArrayList.forEach(ArrayList.java:1511)
... Removed 24 stack frames]]>
    </failure>
  </testcase> <!-- checkOutItems -->
  <testcase classname="TestCases.TC004_SearchByItem" name="searchItem" time="0.0">
    <ignored/>
  </testcase> <!-- searchItem -->
  <testcase classname="TestCases.TC003_AccountLoginDDT" name="clickMyAccountLink" time="0.0">
    <ignored/>
  </testcase> <!-- clickMyAccountLink -->
  <testcase classname="TestCases.TC001_AccountRegistrationTest" name="verifyAccountRegistration" time="0.0">
    <ignored/>
  </testcase> <!-- verifyAccountRegistration -->
  <testcase classname="TestCases.TC002_AccountLogin" name="verifyLogin" time="0.0">
    <ignored/>
  </testcase> <!-- verifyLogin -->
  <testcase classname="TestCases.TC003_AccountLoginDDT" name="accountLoginDD" time="0.0">
    <ignored/>
  </testcase> <!-- accountLoginDD -->
</testsuite> <!-- Test -->
