<?xml version="1.0" encoding="UTF-8"?>
<!-- Generated by org.testng.reporters.JUnitXMLReporter -->
<testsuite ignored="0" hostname="LAPTOP-HUQV5SK7" failures="0" tests="9" name="Test" time="55.695" errors="0" timestamp="2025-02-27T15:42:02 EST">
  <testcase classname="TestCases.TC001_AccountRegistrationTest" name="verifyAccountRegistration" time="5.37"/>
  <testcase classname="TestCases.TC002_AccountLogin" name="verifyLogin" time="3.745"/>
  <testcase classname="TestCases.TC003_AccountLoginDDT" name="accountLoginDD" time="2.092"/>
  <testcase classname="TestCases.TC003_AccountLoginDDT" name="accountLoginDD" time="2.091"/>
  <testcase classname="TestCases.TC003_AccountLoginDDT" name="accountLoginDD" time="1.973"/>
  <testcase classname="TestCases.TC003_AccountLoginDDT" name="accountLoginDD" time="1.564"/>
  <testcase classname="TestCases.TC003_AccountLoginDDT" name="accountLoginDD" time="3.221"/>
  <testcase classname="TestCases.TC003_AccountLoginDDT" name="accountLoginDD" time="2.097"/>
  <testcase classname="TestCases.TC003_AccountLoginDDT" name="clickMyAccountLink" time="2.567"/>
</testsuite> <!-- Test -->
