<?xml version="1.0" encoding="UTF-8"?>
<testng-results ignored="0" total="9" passed="9" failed="0" skipped="0">
  <reporter-output>
  </reporter-output>
  <suite started-at="2025-02-27T15:41:05 EST" name="Suite" finished-at="2025-02-27T15:42:01 EST" duration-ms="55695">
    <groups>
      <group name="test">
        <method signature="TC002_AccountLogin.verifyLogin()[pri:0, instance:TestCases.TC002_AccountLogin@1a451d4d]" name="verifyLogin" class="TestCases.TC002_AccountLogin"/>
      </group> <!-- test -->
      <group name="regression">
        <method signature="TC002_AccountLogin.verifyLogin()[pri:0, instance:TestCases.TC002_AccountLogin@1a451d4d]" name="verifyLogin" class="TestCases.TC002_AccountLogin"/>
      </group> <!-- regression -->
      <group name="smoke">
        <method signature="TC001_AccountRegistrationTest.verifyAccountRegistration()[pri:0, instance:TestCases.TC001_AccountRegistrationTest@441772e]" name="verifyAccountRegistration" class="TestCases.TC001_AccountRegistrationTest"/>
      </group> <!-- smoke -->
      <group name="sanity">
        <method signature="TC001_AccountRegistrationTest.verifyAccountRegistration()[pri:0, instance:TestCases.TC001_AccountRegistrationTest@441772e]" name="verifyAccountRegistration" class="TestCases.TC001_AccountRegistrationTest"/>
        <method signature="TC003_AccountLoginDDT.accountLoginDD(java.lang.String,java.lang.String,java.lang.String)[pri:0, instance:TestCases.TC003_AccountLoginDDT@7fa98a66]" name="accountLoginDD" class="TestCases.TC003_AccountLoginDDT"/>
        <method signature="TC003_AccountLoginDDT.clickMyAccountLink()[pri:0, instance:TestCases.TC003_AccountLoginDDT@7fa98a66]" name="clickMyAccountLink" class="TestCases.TC003_AccountLoginDDT"/>
      </group> <!-- sanity -->
    </groups>
    <test started-at="2025-02-27T15:41:05 EST" name="Test" finished-at="2025-02-27T15:42:01 EST" duration-ms="55695">
      <class name="TestCases.TC002_AccountLogin">
        <test-method is-config="true" signature="setup(java.lang.String,java.lang.String)[pri:0, instance:TestCases.TC002_AccountLogin@1a451d4d]" started-at="2025-02-27T15:41:23 EST" name="setup" finished-at="2025-02-27T15:41:30 EST" duration-ms="6241" status="PASS">
          <params>
            <param index="0">
              <value>
                <![CDATA[chrome]]>
              </value>
            </param>
            <param index="1">
              <value>
                <![CDATA[Windows]]>
              </value>
            </param>
          </params>
          <reporter-output>
          </reporter-output>
        </test-method> <!-- setup -->
        <test-method signature="verifyLogin()[pri:0, instance:TestCases.TC002_AccountLogin@1a451d4d]" started-at="2025-02-27T15:41:30 EST" name="verifyLogin" finished-at="2025-02-27T15:41:33 EST" duration-ms="3745" status="PASS">
          <reporter-output>
          </reporter-output>
        </test-method> <!-- verifyLogin -->
        <test-method is-config="true" signature="tearDown()[pri:0, instance:TestCases.TC002_AccountLogin@1a451d4d]" started-at="2025-02-27T15:41:33 EST" name="tearDown" finished-at="2025-02-27T15:41:33 EST" duration-ms="0" status="PASS">
          <reporter-output>
          </reporter-output>
        </test-method> <!-- tearDown -->
      </class> <!-- TestCases.TC002_AccountLogin -->
      <class name="TestCases.TC001_AccountRegistrationTest">
        <test-method is-config="true" signature="setup(java.lang.String,java.lang.String)[pri:0, instance:TestCases.TC001_AccountRegistrationTest@441772e]" started-at="2025-02-27T15:41:05 EST" name="setup" finished-at="2025-02-27T15:41:18 EST" duration-ms="12383" status="PASS">
          <params>
            <param index="0">
              <value>
                <![CDATA[chrome]]>
              </value>
            </param>
            <param index="1">
              <value>
                <![CDATA[Windows]]>
              </value>
            </param>
          </params>
          <reporter-output>
          </reporter-output>
        </test-method> <!-- setup -->
        <test-method signature="verifyAccountRegistration()[pri:0, instance:TestCases.TC001_AccountRegistrationTest@441772e]" started-at="2025-02-27T15:41:18 EST" name="verifyAccountRegistration" finished-at="2025-02-27T15:41:23 EST" duration-ms="5370" status="PASS">
          <reporter-output>
          </reporter-output>
        </test-method> <!-- verifyAccountRegistration -->
        <test-method is-config="true" signature="tearDown()[pri:0, instance:TestCases.TC001_AccountRegistrationTest@441772e]" started-at="2025-02-27T15:41:23 EST" name="tearDown" finished-at="2025-02-27T15:41:23 EST" duration-ms="0" status="PASS">
          <reporter-output>
          </reporter-output>
        </test-method> <!-- tearDown -->
      </class> <!-- TestCases.TC001_AccountRegistrationTest -->
      <class name="TestCases.TC003_AccountLoginDDT">
        <test-method is-config="true" signature="setup(java.lang.String,java.lang.String)[pri:0, instance:TestCases.TC003_AccountLoginDDT@7fa98a66]" started-at="2025-02-27T15:41:33 EST" name="setup" finished-at="2025-02-27T15:41:40 EST" duration-ms="6865" status="PASS">
          <params>
            <param index="0">
              <value>
                <![CDATA[chrome]]>
              </value>
            </param>
            <param index="1">
              <value>
                <![CDATA[Windows]]>
              </value>
            </param>
          </params>
          <reporter-output>
          </reporter-output>
        </test-method> <!-- setup -->
        <test-method signature="accountLoginDD(java.lang.String,java.lang.String,java.lang.String)[pri:0, instance:TestCases.TC003_AccountLoginDDT@7fa98a66]" started-at="2025-02-27T15:41:45 EST" name="accountLoginDD" data-provider="LoginData" finished-at="2025-02-27T15:41:47 EST" duration-ms="2092" status="PASS">
          <params>
            <param index="0">
              <value>
                <![CDATA[sbselenium@gmail.com]]>
              </value>
            </param>
            <param index="1">
              <value>
                <![CDATA[Gmail@1234]]>
              </value>
            </param>
            <param index="2">
              <value>
                <![CDATA[invalid]]>
              </value>
            </param>
          </params>
          <reporter-output>
          </reporter-output>
        </test-method> <!-- accountLoginDD -->
        <test-method signature="accountLoginDD(java.lang.String,java.lang.String,java.lang.String)[pri:0, instance:TestCases.TC003_AccountLoginDDT@7fa98a66]" started-at="2025-02-27T15:41:47 EST" name="accountLoginDD" data-provider="LoginData" finished-at="2025-02-27T15:41:49 EST" duration-ms="2091" status="PASS">
          <params>
            <param index="0">
              <value>
                <![CDATA[ ]]>
              </value>
            </param>
            <param index="1">
              <value>
                <![CDATA[Gmail@1234]]>
              </value>
            </param>
            <param index="2">
              <value>
                <![CDATA[invalid]]>
              </value>
            </param>
          </params>
          <reporter-output>
          </reporter-output>
        </test-method> <!-- accountLoginDD -->
        <test-method signature="accountLoginDD(java.lang.String,java.lang.String,java.lang.String)[pri:0, instance:TestCases.TC003_AccountLoginDDT@7fa98a66]" started-at="2025-02-27T15:41:49 EST" name="accountLoginDD" data-provider="LoginData" finished-at="2025-02-27T15:41:51 EST" duration-ms="1973" status="PASS">
          <params>
            <param index="0">
              <value>
                <![CDATA[tutorialninja2025@gmail.com]]>
              </value>
            </param>
            <param index="1">
              <value>
                <![CDATA[Gmail@1234]]>
              </value>
            </param>
            <param index="2">
              <value>
                <![CDATA[invalid]]>
              </value>
            </param>
          </params>
          <reporter-output>
          </reporter-output>
        </test-method> <!-- accountLoginDD -->
        <test-method signature="accountLoginDD(java.lang.String,java.lang.String,java.lang.String)[pri:0, instance:TestCases.TC003_AccountLoginDDT@7fa98a66]" started-at="2025-02-27T15:41:51 EST" name="accountLoginDD" data-provider="LoginData" finished-at="2025-02-27T15:41:53 EST" duration-ms="1564" status="PASS">
          <params>
            <param index="0">
              <value>
                <![CDATA[sbselenium@gmail.com]]>
              </value>
            </param>
            <param index="1">
              <value>
                <![CDATA[Tutorial@2025]]>
              </value>
            </param>
            <param index="2">
              <value>
                <![CDATA[invalid]]>
              </value>
            </param>
          </params>
          <reporter-output>
          </reporter-output>
        </test-method> <!-- accountLoginDD -->
        <test-method signature="accountLoginDD(java.lang.String,java.lang.String,java.lang.String)[pri:0, instance:TestCases.TC003_AccountLoginDDT@7fa98a66]" started-at="2025-02-27T15:41:53 EST" name="accountLoginDD" data-provider="LoginData" finished-at="2025-02-27T15:41:56 EST" duration-ms="3221" status="PASS">
          <params>
            <param index="0">
              <value>
                <![CDATA[tutorialninja2025@gmail.com]]>
              </value>
            </param>
            <param index="1">
              <value>
                <![CDATA[Tutorial@2025]]>
              </value>
            </param>
            <param index="2">
              <value>
                <![CDATA[valid]]>
              </value>
            </param>
          </params>
          <reporter-output>
          </reporter-output>
        </test-method> <!-- accountLoginDD -->
        <test-method signature="accountLoginDD(java.lang.String,java.lang.String,java.lang.String)[pri:0, instance:TestCases.TC003_AccountLoginDDT@7fa98a66]" started-at="2025-02-27T15:41:56 EST" name="accountLoginDD" data-provider="LoginData" finished-at="2025-02-27T15:41:58 EST" duration-ms="2097" status="PASS">
          <params>
            <param index="0">
              <value>
                <![CDATA[tutorialninja2025@gmail.com]]>
              </value>
            </param>
            <param index="1">
              <value>
                <![CDATA[ ]]>
              </value>
            </param>
            <param index="2">
              <value>
                <![CDATA[Invalid]]>
              </value>
            </param>
          </params>
          <reporter-output>
          </reporter-output>
        </test-method> <!-- accountLoginDD -->
        <test-method signature="clickMyAccountLink()[pri:0, instance:TestCases.TC003_AccountLoginDDT@7fa98a66]" started-at="2025-02-27T15:41:58 EST" name="clickMyAccountLink" finished-at="2025-02-27T15:42:01 EST" duration-ms="2567" status="PASS">
          <reporter-output>
          </reporter-output>
        </test-method> <!-- clickMyAccountLink -->
        <test-method is-config="true" signature="tearDown()[pri:0, instance:TestCases.TC003_AccountLoginDDT@7fa98a66]" started-at="2025-02-27T15:42:01 EST" name="tearDown" finished-at="2025-02-27T15:42:01 EST" duration-ms="0" status="PASS">
          <reporter-output>
          </reporter-output>
        </test-method> <!-- tearDown -->
      </class> <!-- TestCases.TC003_AccountLoginDDT -->
    </test> <!-- Test -->
  </suite> <!-- Suite -->
</testng-results>
